<?xml version="1.0" encoding="UTF-8"?>
<coverage generated="1778016277368" clover="3.2.0">
  <project timestamp="1778016277368" name="All files">
    <metrics statements="225" coveredstatements="179" conditionals="178" coveredconditionals="108" methods="41" coveredmethods="29" elements="444" coveredelements="316" complexity="0" loc="225" ncloc="225" packages="1" files="3" classes="3"/>
    <file name="index.js" path="/Users/kshutkin/projects/neon/web-components/src/index.js">
      <metrics statements="0" coveredstatements="0" conditionals="0" coveredconditionals="0" methods="0" coveredmethods="0"/>
    </file>
    <file name="menu.js" path="/Users/kshutkin/projects/neon/web-components/src/menu.js">
      <metrics statements="96" coveredstatements="93" conditionals="76" coveredconditionals="60" methods="19" coveredmethods="18"/>
      <line num="22" count="2" type="stmt"/>
      <line num="23" count="2" type="stmt"/>
      <line num="26" count="8" type="stmt"/>
      <line num="28" count="8" type="stmt"/>
      <line num="30" count="8" type="stmt"/>
      <line num="31" count="9" type="stmt"/>
      <line num="32" count="12" type="stmt"/>
      <line num="33" count="1" type="stmt"/>
      <line num="36" count="8" type="cond" truecount="1" falsecount="1"/>
      <line num="37" count="8" type="stmt"/>
      <line num="38" count="8" type="stmt"/>
      <line num="39" count="8" type="stmt"/>
      <line num="40" count="8" type="stmt"/>
      <line num="41" count="8" type="stmt"/>
      <line num="42" count="8" type="stmt"/>
      <line num="51" count="8" type="stmt"/>
      <line num="52" count="8" type="stmt"/>
      <line num="53" count="8" type="stmt"/>
      <line num="54" count="8" type="cond" truecount="2" falsecount="0"/>
      <line num="55" count="8" type="stmt"/>
      <line num="56" count="8" type="stmt"/>
      <line num="64" count="18" type="stmt"/>
      <line num="65" count="18" type="cond" truecount="5" falsecount="0"/>
      <line num="66" count="9" type="stmt"/>
      <line num="68" count="9" type="stmt"/>
      <line num="76" count="45" type="stmt"/>
      <line num="84" count="42" type="stmt"/>
      <line num="88" count="9" type="stmt"/>
      <line num="89" count="9" type="cond" truecount="1" falsecount="1"/>
      <line num="90" count="9" type="stmt"/>
      <line num="91" count="9" type="stmt"/>
      <line num="92" count="9" type="stmt"/>
      <line num="93" count="21" type="cond" truecount="2" falsecount="0"/>
      <line num="94" count="21" type="cond" truecount="2" falsecount="0"/>
      <line num="95" count="3" type="stmt"/>
      <line num="96" count="3" type="stmt"/>
      <line num="98" count="18" type="cond" truecount="2" falsecount="0"/>
      <line num="99" count="1" type="stmt"/>
      <line num="100" count="1" type="stmt"/>
      <line num="102" count="17" type="stmt"/>
      <line num="105" count="9" type="cond" truecount="2" falsecount="0"/>
      <line num="106" count="8" type="stmt"/>
      <line num="107" count="8" type="cond" truecount="1" falsecount="1"/>
      <line num="115" count="19" type="cond" truecount="2" falsecount="0"/>
      <line num="116" count="7" type="stmt"/>
      <line num="123" count="9" type="stmt"/>
      <line num="124" count="9" type="cond" truecount="1" falsecount="1"/>
      <line num="125" count="9" type="stmt"/>
      <line num="126" count="9" type="cond" truecount="2" falsecount="0"/>
      <line num="128" count="9" type="cond" truecount="7" falsecount="0"/>
      <line num="130" count="2" type="stmt"/>
      <line num="131" count="2" type="cond" truecount="1" falsecount="1"/>
      <line num="132" count="2" type="stmt"/>
      <line num="134" count="1" type="stmt"/>
      <line num="135" count="1" type="cond" truecount="1" falsecount="1"/>
      <line num="136" count="1" type="stmt"/>
      <line num="138" count="1" type="stmt"/>
      <line num="139" count="1" type="stmt"/>
      <line num="140" count="1" type="stmt"/>
      <line num="142" count="1" type="stmt"/>
      <line num="143" count="1" type="stmt"/>
      <line num="144" count="1" type="stmt"/>
      <line num="147" count="1" type="cond" truecount="1" falsecount="1"/>
      <line num="148" count="1" type="stmt"/>
      <line num="149" count="1" type="stmt"/>
      <line num="151" count="1" type="stmt"/>
      <line num="153" count="3" type="cond" truecount="6" falsecount="1"/>
      <line num="154" count="3" type="stmt"/>
      <line num="163" count="12" type="stmt"/>
      <line num="164" count="12" type="cond" truecount="1" falsecount="1"/>
      <line num="165" count="12" type="cond" truecount="1" falsecount="1"/>
      <line num="166" count="12" type="cond" truecount="1" falsecount="1"/>
      <line num="167" count="31" type="cond" truecount="2" falsecount="0"/>
      <line num="174" count="1" type="stmt"/>
      <line num="175" count="1" type="cond" truecount="1" falsecount="1"/>
      <line num="176" count="1" type="stmt"/>
      <line num="177" count="1" type="cond" truecount="3" falsecount="1"/>
      <line num="178" count="0" type="stmt"/>
      <line num="179" count="0" type="stmt"/>
      <line num="189" count="3" type="stmt"/>
      <line num="190" count="3" type="cond" truecount="2" falsecount="0"/>
      <line num="191" count="3" type="stmt"/>
      <line num="192" count="0" type="stmt"/>
      <line num="195" count="3" type="stmt"/>
      <line num="199" count="3" type="cond" truecount="2" falsecount="0"/>
      <line num="200" count="3" type="stmt"/>
      <line num="201" count="5" type="stmt"/>
      <line num="202" count="5" type="cond" truecount="1" falsecount="1"/>
      <line num="203" count="5" type="cond" truecount="2" falsecount="0"/>
      <line num="204" count="2" type="stmt"/>
      <line num="205" count="2" type="stmt"/>
      <line num="216" count="76" type="cond" truecount="2" falsecount="0"/>
      <line num="225" count="2" type="cond" truecount="1" falsecount="1"/>
      <line num="226" count="2" type="cond" truecount="1" falsecount="1"/>
      <line num="227" count="2" type="stmt"/>
      <line num="232" count="2" type="stmt"/>
    </file>
    <file name="tooltip.js" path="/Users/kshutkin/projects/neon/web-components/src/tooltip.js">
      <metrics statements="129" coveredstatements="86" conditionals="102" coveredconditionals="48" methods="22" coveredmethods="11"/>
      <line num="49" count="3" type="stmt"/>
      <line num="51" count="3" type="stmt"/>
      <line num="52" count="3" type="stmt"/>
      <line num="54" count="3" type="stmt"/>
      <line num="62" count="3" type="stmt"/>
      <line num="66" count="10" type="stmt"/>
      <line num="68" count="10" type="stmt"/>
      <line num="70" count="10" type="stmt"/>
      <line num="72" count="10" type="stmt"/>
      <line num="76" count="10" type="stmt"/>
      <line num="77" count="10" type="stmt"/>
      <line num="79" count="0" type="stmt"/>
      <line num="80" count="0" type="cond" truecount="0" falsecount="2"/>
      <line num="82" count="0" type="stmt"/>
      <line num="83" count="0" type="cond" truecount="0" falsecount="2"/>
      <line num="85" count="0" type="stmt"/>
      <line num="86" count="0" type="cond" truecount="0" falsecount="2"/>
      <line num="88" count="0" type="stmt"/>
      <line num="89" count="0" type="cond" truecount="0" falsecount="2"/>
      <line num="91" count="4" type="stmt"/>
      <line num="92" count="4" type="cond" truecount="1" falsecount="1"/>
      <line num="93" count="4" type="cond" truecount="2" falsecount="0"/>
      <line num="96" count="2" type="cond" truecount="1" falsecount="1"/>
      <line num="97" count="0" type="stmt"/>
      <line num="98" count="0" type="stmt"/>
      <line num="100" count="2" type="stmt"/>
      <line num="101" count="2" type="stmt"/>
      <line num="107" count="0" type="stmt"/>
      <line num="108" count="0" type="cond" truecount="0" falsecount="2"/>
      <line num="109" count="0" type="stmt"/>
      <line num="110" count="0" type="stmt"/>
      <line num="113" count="0" type="stmt"/>
      <line num="114" count="0" type="stmt"/>
      <line num="118" count="10" type="stmt"/>
      <line num="119" count="10" type="cond" truecount="1" falsecount="1"/>
      <line num="120" count="10" type="stmt"/>
      <line num="122" count="10" type="cond" truecount="1" falsecount="1"/>
      <line num="123" count="10" type="cond" truecount="1" falsecount="1"/>
      <line num="124" count="10" type="stmt"/>
      <line num="127" count="10" type="cond" truecount="1" falsecount="1"/>
      <line num="128" count="10" type="stmt"/>
      <line num="129" count="10" type="stmt"/>
      <line num="130" count="10" type="stmt"/>
      <line num="134" count="10" type="cond" truecount="4" falsecount="0"/>
      <line num="135" count="9" type="stmt"/>
      <line num="141" count="10" type="stmt"/>
      <line num="142" count="10" type="cond" truecount="1" falsecount="1"/>
      <line num="143" count="0" type="stmt"/>
      <line num="144" count="0" type="cond" truecount="0" falsecount="2"/>
      <line num="145" count="0" type="stmt"/>
      <line num="148" count="10" type="stmt"/>
      <line num="149" count="10" type="stmt"/>
      <line num="150" count="10" type="cond" truecount="1" falsecount="1"/>
      <line num="151" count="10" type="stmt"/>
      <line num="156" count="10" type="cond" truecount="2" falsecount="0"/>
      <line num="157" count="9" type="stmt"/>
      <line num="158" count="9" type="stmt"/>
      <line num="161" count="10" type="stmt"/>
      <line num="163" count="10" type="stmt"/>
      <line num="164" count="10" type="stmt"/>
      <line num="165" count="10" type="stmt"/>
      <line num="166" count="10" type="stmt"/>
      <line num="167" count="10" type="stmt"/>
      <line num="168" count="10" type="stmt"/>
      <line num="169" count="10" type="stmt"/>
      <line num="170" count="10" type="stmt"/>
      <line num="171" count="10" type="stmt"/>
      <line num="173" count="10" type="cond" truecount="3" falsecount="1"/>
      <line num="175" count="0" type="stmt"/>
      <line num="183" count="10" type="cond" truecount="1" falsecount="1"/>
      <line num="184" count="0" type="stmt"/>
      <line num="185" count="0" type="stmt"/>
      <line num="187" count="10" type="stmt"/>
      <line num="188" count="10" type="stmt"/>
      <line num="189" count="10" type="stmt"/>
      <line num="190" count="10" type="cond" truecount="1" falsecount="1"/>
      <line num="191" count="10" type="cond" truecount="4" falsecount="0"/>
      <line num="192" count="9" type="stmt"/>
      <line num="194" count="10" type="cond" truecount="3" falsecount="1"/>
      <line num="195" count="10" type="stmt"/>
      <line num="198" count="10" type="stmt"/>
      <line num="199" count="10" type="stmt"/>
      <line num="200" count="10" type="stmt"/>
      <line num="204" count="5" type="cond" truecount="2" falsecount="0"/>
      <line num="209" count="0" type="stmt"/>
      <line num="214" count="3" type="cond" truecount="1" falsecount="1"/>
      <line num="215" count="0" type="stmt"/>
      <line num="216" count="0" type="stmt"/>
      <line num="218" count="3" type="stmt"/>
      <line num="219" count="3" type="cond" truecount="3" falsecount="1"/>
      <line num="220" count="3" type="stmt"/>
      <line num="228" count="11" type="stmt"/>
      <line num="229" count="11" type="stmt"/>
      <line num="230" count="11" type="stmt"/>
      <line num="232" count="11" type="stmt"/>
      <line num="239" count="0" type="cond" truecount="0" falsecount="2"/>
      <line num="240" count="0" type="cond" truecount="0" falsecount="2"/>
      <line num="241" count="0" type="stmt"/>
      <line num="242" count="0" type="stmt"/>
      <line num="243" count="0" type="cond" truecount="0" falsecount="2"/>
      <line num="244" count="0" type="stmt"/>
      <line num="255" count="0" type="cond" truecount="0" falsecount="2"/>
      <line num="256" count="0" type="cond" truecount="0" falsecount="2"/>
      <line num="257" count="0" type="stmt"/>
      <line num="258" count="0" type="stmt"/>
      <line num="259" count="0" type="cond" truecount="0" falsecount="2"/>
      <line num="260" count="0" type="cond" truecount="0" falsecount="2"/>
      <line num="261" count="0" type="cond" truecount="0" falsecount="2"/>
      <line num="262" count="0" type="cond" truecount="0" falsecount="2"/>
      <line num="263" count="0" type="stmt"/>
      <line num="264" count="0" type="cond" truecount="0" falsecount="2"/>
      <line num="277" count="11" type="cond" truecount="2" falsecount="0"/>
      <line num="286" count="11" type="stmt"/>
      <line num="287" count="11" type="cond" truecount="2" falsecount="0"/>
      <line num="289" count="8" type="stmt"/>
      <line num="290" count="8" type="stmt"/>
      <line num="292" count="3" type="stmt"/>
      <line num="293" count="3" type="cond" truecount="5" falsecount="0"/>
      <line num="294" count="2" type="stmt"/>
      <line num="297" count="3" type="stmt"/>
      <line num="308" count="7" type="cond" truecount="1" falsecount="1"/>
      <line num="309" count="7" type="stmt"/>
      <line num="310" count="7" type="cond" truecount="1" falsecount="1"/>
      <line num="312" count="0" type="stmt"/>
      <line num="313" count="0" type="cond" truecount="0" falsecount="2"/>
      <line num="323" count="3" type="cond" truecount="1" falsecount="1"/>
      <line num="324" count="3" type="cond" truecount="1" falsecount="1"/>
      <line num="325" count="3" type="stmt"/>
      <line num="329" count="3" type="stmt"/>
    </file>
  </project>
</coverage>
