{"/Users/kshutkin/projects/neon/web-components/src/index.js": {"path":"/Users/kshutkin/projects/neon/web-components/src/index.js","statementMap":{},"fnMap":{},"branchMap":{},"s":{},"f":{},"b":{},"meta":{"lastBranch":0,"lastFunction":0,"lastStatement":0,"seen":{}}}
,"/Users/kshutkin/projects/neon/web-components/src/menu.js": {"path":"/Users/kshutkin/projects/neon/web-components/src/menu.js","statementMap":{"0":{"start":{"line":22,"column":22},"end":{"line":22,"column":35}},"1":{"start":{"line":23,"column":29},"end":{"line":23,"column":32}},"2":{"start":{"line":26,"column":18},"end":{"line":26,"column":20}},"3":{"start":{"line":28,"column":17},"end":{"line":28,"column":21}},"4":{"start":{"line":30,"column":10},"end":{"line":30,"column":14}},"5":{"start":{"line":31,"column":17},"end":{"line":31,"column":75}},"6":{"start":{"line":32,"column":17},"end":{"line":32,"column":72}},"7":{"start":{"line":33,"column":15},"end":{"line":33,"column":68}},"8":{"start":{"line":31,"column":53},"end":{"line":31,"column":75}},"9":{"start":{"line":32,"column":50},"end":{"line":32,"column":72}},"10":{"start":{"line":33,"column":48},"end":{"line":33,"column":68}},"11":{"start":{"line":36,"column":8},"end":{"line":36,"column":null}},"12":{"start":{"line":36,"column":40},"end":{"line":36,"column":null}},"13":{"start":{"line":37,"column":8},"end":{"line":37,"column":null}},"14":{"start":{"line":38,"column":8},"end":{"line":38,"column":null}},"15":{"start":{"line":39,"column":8},"end":{"line":39,"column":null}},"16":{"start":{"line":40,"column":8},"end":{"line":40,"column":null}},"17":{"start":{"line":41,"column":8},"end":{"line":41,"column":null}},"18":{"start":{"line":41,"column":46},"end":{"line":41,"column":66}},"19":{"start":{"line":42,"column":8},"end":{"line":47,"column":null}},"20":{"start":{"line":51,"column":8},"end":{"line":51,"column":null}},"21":{"start":{"line":52,"column":8},"end":{"line":52,"column":null}},"22":{"start":{"line":53,"column":8},"end":{"line":53,"column":null}},"23":{"start":{"line":54,"column":8},"end":{"line":54,"column":null}},"24":{"start":{"line":54,"column":29},"end":{"line":54,"column":null}},"25":{"start":{"line":55,"column":8},"end":{"line":55,"column":null}},"26":{"start":{"line":56,"column":8},"end":{"line":56,"column":null}},"27":{"start":{"line":64,"column":23},"end":{"line":64,"column":56}},"28":{"start":{"line":65,"column":8},"end":{"line":67,"column":null}},"29":{"start":{"line":66,"column":12},"end":{"line":66,"column":null}},"30":{"start":{"line":68,"column":8},"end":{"line":68,"column":null}},"31":{"start":{"line":76,"column":8},"end":{"line":76,"column":null}},"32":{"start":{"line":84,"column":8},"end":{"line":84,"column":null}},"33":{"start":{"line":84,"column":41},"end":{"line":84,"column":56}},"34":{"start":{"line":88,"column":22},"end":{"line":88,"column":32}},"35":{"start":{"line":89,"column":8},"end":{"line":89,"column":null}},"36":{"start":{"line":89,"column":32},"end":{"line":89,"column":null}},"37":{"start":{"line":90,"column":23},"end":{"line":90,"column":38}},"38":{"start":{"line":91,"column":28},"end":{"line":91,"column":33}},"39":{"start":{"line":92,"column":8},"end":{"line":104,"column":null}},"40":{"start":{"line":93,"column":12},"end":{"line":93,"column":null}},"41":{"start":{"line":93,"column":42},"end":{"line":93,"column":null}},"42":{"start":{"line":94,"column":12},"end":{"line":97,"column":null}},"43":{"start":{"line":95,"column":16},"end":{"line":95,"column":null}},"44":{"start":{"line":96,"column":16},"end":{"line":96,"column":null}},"45":{"start":{"line":98,"column":12},"end":{"line":103,"column":null}},"46":{"start":{"line":99,"column":16},"end":{"line":99,"column":null}},"47":{"start":{"line":100,"column":16},"end":{"line":100,"column":null}},"48":{"start":{"line":102,"column":16},"end":{"line":102,"column":null}},"49":{"start":{"line":105,"column":8},"end":{"line":108,"column":null}},"50":{"start":{"line":106,"column":26},"end":{"line":106,"column":48}},"51":{"start":{"line":107,"column":12},"end":{"line":107,"column":null}},"52":{"start":{"line":107,"column":23},"end":{"line":107,"column":null}},"53":{"start":{"line":115,"column":8},"end":{"line":115,"column":null}},"54":{"start":{"line":115,"column":37},"end":{"line":115,"column":null}},"55":{"start":{"line":116,"column":8},"end":{"line":116,"column":null}},"56":{"start":{"line":123,"column":22},"end":{"line":123,"column":41}},"57":{"start":{"line":124,"column":8},"end":{"line":124,"column":null}},"58":{"start":{"line":124,"column":32},"end":{"line":124,"column":null}},"59":{"start":{"line":125,"column":24},"end":{"line":125,"column":39}},"60":{"start":{"line":126,"column":20},"end":{"line":126,"column":57}},"61":{"start":{"line":128,"column":8},"end":{"line":156,"column":null}},"62":{"start":{"line":130,"column":16},"end":{"line":130,"column":null}},"63":{"start":{"line":131,"column":16},"end":{"line":131,"column":null}},"64":{"start":{"line":132,"column":16},"end":{"line":132,"column":null}},"65":{"start":{"line":134,"column":16},"end":{"line":134,"column":null}},"66":{"start":{"line":135,"column":16},"end":{"line":135,"column":null}},"67":{"start":{"line":136,"column":16},"end":{"line":136,"column":null}},"68":{"start":{"line":138,"column":16},"end":{"line":138,"column":null}},"69":{"start":{"line":139,"column":16},"end":{"line":139,"column":null}},"70":{"start":{"line":140,"column":16},"end":{"line":140,"column":null}},"71":{"start":{"line":142,"column":16},"end":{"line":142,"column":null}},"72":{"start":{"line":143,"column":16},"end":{"line":143,"column":null}},"73":{"start":{"line":144,"column":16},"end":{"line":144,"column":null}},"74":{"start":{"line":147,"column":16},"end":{"line":150,"column":null}},"75":{"start":{"line":148,"column":20},"end":{"line":148,"column":null}},"76":{"start":{"line":149,"column":20},"end":{"line":149,"column":null}},"77":{"start":{"line":151,"column":16},"end":{"line":151,"column":null}},"78":{"start":{"line":153,"column":16},"end":{"line":155,"column":null}},"79":{"start":{"line":154,"column":20},"end":{"line":154,"column":null}},"80":{"start":{"line":163,"column":23},"end":{"line":163,"column":31}},"81":{"start":{"line":164,"column":8},"end":{"line":164,"column":null}},"82":{"start":{"line":164,"column":46},"end":{"line":164,"column":null}},"83":{"start":{"line":165,"column":8},"end":{"line":165,"column":null}},"84":{"start":{"line":165,"column":44},"end":{"line":165,"column":null}},"85":{"start":{"line":166,"column":8},"end":{"line":166,"column":null}},"86":{"start":{"line":166,"column":32},"end":{"line":166,"column":null}},"87":{"start":{"line":167,"column":8},"end":{"line":167,"column":null}},"88":{"start":{"line":167,"column":37},"end":{"line":167,"column":null}},"89":{"start":{"line":174,"column":23},"end":{"line":174,"column":31}},"90":{"start":{"line":175,"column":8},"end":{"line":175,"column":null}},"91":{"start":{"line":175,"column":42},"end":{"line":175,"column":null}},"92":{"start":{"line":176,"column":21},"end":{"line":176,"column":50}},"93":{"start":{"line":177,"column":8},"end":{"line":180,"column":null}},"94":{"start":{"line":178,"column":12},"end":{"line":178,"column":null}},"95":{"start":{"line":179,"column":12},"end":{"line":179,"column":null}},"96":{"start":{"line":189,"column":8},"end":{"line":189,"column":null}},"97":{"start":{"line":190,"column":8},"end":{"line":190,"column":null}},"98":{"start":{"line":190,"column":29},"end":{"line":190,"column":null}},"99":{"start":{"line":191,"column":8},"end":{"line":193,"column":null}},"100":{"start":{"line":192,"column":12},"end":{"line":192,"column":null}},"101":{"start":{"line":195,"column":20},"end":{"line":195,"column":36}},"102":{"start":{"line":199,"column":22},"end":{"line":199,"column":42}},"103":{"start":{"line":200,"column":8},"end":{"line":207,"column":null}},"104":{"start":{"line":200,"column":21},"end":{"line":200,"column":22}},"105":{"start":{"line":201,"column":24},"end":{"line":201,"column":65}},"106":{"start":{"line":202,"column":26},"end":{"line":202,"column":77}},"107":{"start":{"line":203,"column":12},"end":{"line":206,"column":null}},"108":{"start":{"line":204,"column":16},"end":{"line":204,"column":null}},"109":{"start":{"line":205,"column":16},"end":{"line":205,"column":null}},"110":{"start":{"line":216,"column":4},"end":{"line":216,"column":null}},"111":{"start":{"line":225,"column":4},"end":{"line":225,"column":null}},"112":{"start":{"line":225,"column":58},"end":{"line":225,"column":null}},"113":{"start":{"line":226,"column":4},"end":{"line":228,"column":null}},"114":{"start":{"line":227,"column":8},"end":{"line":227,"column":null}},"115":{"start":{"line":232,"column":0},"end":{"line":232,"column":null}}},"fnMap":{"0":{"name":"(anonymous_0)","decl":{"start":{"line":31,"column":17},"end":{"line":31,"column":18}},"loc":{"start":{"line":31,"column":53},"end":{"line":31,"column":75}},"line":31},"1":{"name":"(anonymous_1)","decl":{"start":{"line":32,"column":17},"end":{"line":32,"column":18}},"loc":{"start":{"line":32,"column":50},"end":{"line":32,"column":72}},"line":32},"2":{"name":"(anonymous_2)","decl":{"start":{"line":33,"column":15},"end":{"line":33,"column":16}},"loc":{"start":{"line":33,"column":48},"end":{"line":33,"column":68}},"line":33},"3":{"name":"(anonymous_3)","decl":{"start":{"line":35,"column":4},"end":{"line":35,"column":21}},"loc":{"start":{"line":35,"column":24},"end":{"line":48,"column":null}},"line":35},"4":{"name":"(anonymous_4)","decl":{"start":{"line":41,"column":40},"end":{"line":41,"column":41}},"loc":{"start":{"line":41,"column":46},"end":{"line":41,"column":66}},"line":41},"5":{"name":"(anonymous_5)","decl":{"start":{"line":50,"column":4},"end":{"line":50,"column":24}},"loc":{"start":{"line":50,"column":27},"end":{"line":57,"column":null}},"line":50},"6":{"name":"(anonymous_6)","decl":{"start":{"line":63,"column":8},"end":{"line":63,"column":18}},"loc":{"start":{"line":63,"column":21},"end":{"line":69,"column":null}},"line":63},"7":{"name":"(anonymous_7)","decl":{"start":{"line":75,"column":8},"end":{"line":75,"column":13}},"loc":{"start":{"line":75,"column":16},"end":{"line":77,"column":null}},"line":75},"8":{"name":"(anonymous_8)","decl":{"start":{"line":83,"column":8},"end":{"line":83,"column":22}},"loc":{"start":{"line":83,"column":25},"end":{"line":85,"column":null}},"line":83},"9":{"name":"(anonymous_9)","decl":{"start":{"line":84,"column":33},"end":{"line":84,"column":34}},"loc":{"start":{"line":84,"column":41},"end":{"line":84,"column":56}},"line":84},"10":{"name":"(anonymous_10)","decl":{"start":{"line":87,"column":4},"end":{"line":87,"column":17}},"loc":{"start":{"line":87,"column":20},"end":{"line":109,"column":null}},"line":87},"11":{"name":"(anonymous_11)","decl":{"start":{"line":114,"column":4},"end":{"line":114,"column":14}},"loc":{"start":{"line":114,"column":21},"end":{"line":117,"column":null}},"line":114},"12":{"name":"(anonymous_12)","decl":{"start":{"line":122,"column":4},"end":{"line":122,"column":18}},"loc":{"start":{"line":122,"column":22},"end":{"line":157,"column":null}},"line":122},"13":{"name":"(anonymous_13)","decl":{"start":{"line":162,"column":4},"end":{"line":162,"column":18}},"loc":{"start":{"line":162,"column":22},"end":{"line":168,"column":null}},"line":162},"14":{"name":"(anonymous_14)","decl":{"start":{"line":173,"column":4},"end":{"line":173,"column":16}},"loc":{"start":{"line":173,"column":20},"end":{"line":181,"column":null}},"line":173},"15":{"name":"(anonymous_15)","decl":{"start":{"line":188,"column":4},"end":{"line":188,"column":14}},"loc":{"start":{"line":188,"column":33},"end":{"line":208,"column":null}},"line":188},"16":{"name":"(anonymous_16)","decl":{"start":{"line":191,"column":37},"end":{"line":191,"column":38}},"loc":{"start":{"line":191,"column":43},"end":{"line":193,"column":9}},"line":191},"17":{"name":"isDisabled","decl":{"start":{"line":215,"column":9},"end":{"line":215,"column":19}},"loc":{"start":{"line":215,"column":24},"end":{"line":217,"column":null}},"line":215},"18":{"name":"registerMenu","decl":{"start":{"line":224,"column":16},"end":{"line":224,"column":28}},"loc":{"start":{"line":224,"column":52},"end":{"line":229,"column":null}},"line":224}},"branchMap":{"0":{"loc":{"start":{"line":36,"column":8},"end":{"line":36,"column":null}},"type":"if","locations":[{"start":{"line":36,"column":8},"end":{"line":36,"column":null}},{"start":{},"end":{}}],"line":36},"1":{"loc":{"start":{"line":54,"column":8},"end":{"line":54,"column":null}},"type":"if","locations":[{"start":{"line":54,"column":8},"end":{"line":54,"column":null}},{"start":{},"end":{}}],"line":54},"2":{"loc":{"start":{"line":65,"column":8},"end":{"line":67,"column":null}},"type":"if","locations":[{"start":{"line":65,"column":8},"end":{"line":67,"column":null}},{"start":{},"end":{}}],"line":65},"3":{"loc":{"start":{"line":65,"column":12},"end":{"line":65,"column":99}},"type":"binary-expr","locations":[{"start":{"line":65,"column":12},"end":{"line":65,"column":41}},{"start":{"line":65,"column":45},"end":{"line":65,"column":66}},{"start":{"line":65,"column":70},"end":{"line":65,"column":99}}],"line":65},"4":{"loc":{"start":{"line":89,"column":8},"end":{"line":89,"column":null}},"type":"if","locations":[{"start":{"line":89,"column":8},"end":{"line":89,"column":null}},{"start":{},"end":{}}],"line":89},"5":{"loc":{"start":{"line":93,"column":12},"end":{"line":93,"column":null}},"type":"if","locations":[{"start":{"line":93,"column":12},"end":{"line":93,"column":null}},{"start":{},"end":{}}],"line":93},"6":{"loc":{"start":{"line":94,"column":12},"end":{"line":97,"column":null}},"type":"if","locations":[{"start":{"line":94,"column":12},"end":{"line":97,"column":null}},{"start":{},"end":{}}],"line":94},"7":{"loc":{"start":{"line":98,"column":12},"end":{"line":103,"column":null}},"type":"if","locations":[{"start":{"line":98,"column":12},"end":{"line":103,"column":null}},{"start":{"line":101,"column":19},"end":{"line":103,"column":null}}],"line":98},"8":{"loc":{"start":{"line":105,"column":8},"end":{"line":108,"column":null}},"type":"if","locations":[{"start":{"line":105,"column":8},"end":{"line":108,"column":null}},{"start":{},"end":{}}],"line":105},"9":{"loc":{"start":{"line":107,"column":12},"end":{"line":107,"column":null}},"type":"if","locations":[{"start":{"line":107,"column":12},"end":{"line":107,"column":null}},{"start":{},"end":{}}],"line":107},"10":{"loc":{"start":{"line":115,"column":65},"end":{"line":115,"column":89}},"type":"cond-expr","locations":[{"start":{"line":115,"column":79},"end":{"line":115,"column":82}},{"start":{"line":115,"column":85},"end":{"line":115,"column":89}}],"line":115},"11":{"loc":{"start":{"line":124,"column":8},"end":{"line":124,"column":null}},"type":"if","locations":[{"start":{"line":124,"column":8},"end":{"line":124,"column":null}},{"start":{},"end":{}}],"line":124},"12":{"loc":{"start":{"line":126,"column":20},"end":{"line":126,"column":57}},"type":"cond-expr","locations":[{"start":{"line":126,"column":30},"end":{"line":126,"column":52}},{"start":{"line":126,"column":55},"end":{"line":126,"column":57}}],"line":126},"13":{"loc":{"start":{"line":128,"column":8},"end":{"line":156,"column":null}},"type":"switch","locations":[{"start":{"line":129,"column":12},"end":{"line":132,"column":null}},{"start":{"line":133,"column":12},"end":{"line":136,"column":null}},{"start":{"line":137,"column":12},"end":{"line":140,"column":null}},{"start":{"line":141,"column":12},"end":{"line":144,"column":null}},{"start":{"line":145,"column":12},"end":{"line":145,"column":null}},{"start":{"line":146,"column":12},"end":{"line":151,"column":null}},{"start":{"line":152,"column":12},"end":{"line":155,"column":null}}],"line":128},"14":{"loc":{"start":{"line":131,"column":32},"end":{"line":131,"column":90}},"type":"binary-expr","locations":[{"start":{"line":131,"column":32},"end":{"line":131,"column":78}},{"start":{"line":131,"column":82},"end":{"line":131,"column":90}}],"line":131},"15":{"loc":{"start":{"line":135,"column":32},"end":{"line":135,"column":105}},"type":"binary-expr","locations":[{"start":{"line":135,"column":32},"end":{"line":135,"column":78}},{"start":{"line":135,"column":82},"end":{"line":135,"column":105}}],"line":135},"16":{"loc":{"start":{"line":147,"column":16},"end":{"line":150,"column":null}},"type":"if","locations":[{"start":{"line":147,"column":16},"end":{"line":150,"column":null}},{"start":{},"end":{}}],"line":147},"17":{"loc":{"start":{"line":153,"column":16},"end":{"line":155,"column":null}},"type":"if","locations":[{"start":{"line":153,"column":16},"end":{"line":155,"column":null}},{"start":{},"end":{}}],"line":153},"18":{"loc":{"start":{"line":153,"column":20},"end":{"line":153,"column":99}},"type":"binary-expr","locations":[{"start":{"line":153,"column":20},"end":{"line":153,"column":38}},{"start":{"line":153,"column":42},"end":{"line":153,"column":58}},{"start":{"line":153,"column":62},"end":{"line":153,"column":72}},{"start":{"line":153,"column":76},"end":{"line":153,"column":86}},{"start":{"line":153,"column":90},"end":{"line":153,"column":99}}],"line":153},"19":{"loc":{"start":{"line":164,"column":8},"end":{"line":164,"column":null}},"type":"if","locations":[{"start":{"line":164,"column":8},"end":{"line":164,"column":null}},{"start":{},"end":{}}],"line":164},"20":{"loc":{"start":{"line":165,"column":8},"end":{"line":165,"column":null}},"type":"if","locations":[{"start":{"line":165,"column":8},"end":{"line":165,"column":null}},{"start":{},"end":{}}],"line":165},"21":{"loc":{"start":{"line":166,"column":8},"end":{"line":166,"column":null}},"type":"if","locations":[{"start":{"line":166,"column":8},"end":{"line":166,"column":null}},{"start":{},"end":{}}],"line":166},"22":{"loc":{"start":{"line":167,"column":65},"end":{"line":167,"column":91}},"type":"cond-expr","locations":[{"start":{"line":167,"column":81},"end":{"line":167,"column":84}},{"start":{"line":167,"column":87},"end":{"line":167,"column":91}}],"line":167},"23":{"loc":{"start":{"line":175,"column":8},"end":{"line":175,"column":null}},"type":"if","locations":[{"start":{"line":175,"column":8},"end":{"line":175,"column":null}},{"start":{},"end":{}}],"line":175},"24":{"loc":{"start":{"line":177,"column":8},"end":{"line":180,"column":null}},"type":"if","locations":[{"start":{"line":177,"column":8},"end":{"line":180,"column":null}},{"start":{},"end":{}}],"line":177},"25":{"loc":{"start":{"line":177,"column":12},"end":{"line":177,"column":59}},"type":"binary-expr","locations":[{"start":{"line":177,"column":12},"end":{"line":177,"column":39}},{"start":{"line":177,"column":43},"end":{"line":177,"column":59}}],"line":177},"26":{"loc":{"start":{"line":190,"column":8},"end":{"line":190,"column":null}},"type":"if","locations":[{"start":{"line":190,"column":8},"end":{"line":190,"column":null}},{"start":{},"end":{}}],"line":190},"27":{"loc":{"start":{"line":199,"column":22},"end":{"line":199,"column":42}},"type":"cond-expr","locations":[{"start":{"line":199,"column":33},"end":{"line":199,"column":35}},{"start":{"line":199,"column":38},"end":{"line":199,"column":42}}],"line":199},"28":{"loc":{"start":{"line":202,"column":27},"end":{"line":202,"column":55}},"type":"binary-expr","locations":[{"start":{"line":202,"column":27},"end":{"line":202,"column":49}},{"start":{"line":202,"column":53},"end":{"line":202,"column":55}}],"line":202},"29":{"loc":{"start":{"line":203,"column":12},"end":{"line":206,"column":null}},"type":"if","locations":[{"start":{"line":203,"column":12},"end":{"line":206,"column":null}},{"start":{},"end":{}}],"line":203},"30":{"loc":{"start":{"line":216,"column":11},"end":{"line":216,"column":85}},"type":"binary-expr","locations":[{"start":{"line":216,"column":11},"end":{"line":216,"column":38}},{"start":{"line":216,"column":42},"end":{"line":216,"column":85}}],"line":216},"31":{"loc":{"start":{"line":224,"column":29},"end":{"line":224,"column":50}},"type":"default-arg","locations":[{"start":{"line":224,"column":39},"end":{"line":224,"column":50}}],"line":224},"32":{"loc":{"start":{"line":225,"column":4},"end":{"line":225,"column":null}},"type":"if","locations":[{"start":{"line":225,"column":4},"end":{"line":225,"column":null}},{"start":{},"end":{}}],"line":225},"33":{"loc":{"start":{"line":226,"column":4},"end":{"line":228,"column":null}},"type":"if","locations":[{"start":{"line":226,"column":4},"end":{"line":228,"column":null}},{"start":{},"end":{}}],"line":226}},"s":{"0":2,"1":2,"2":8,"3":8,"4":8,"5":9,"6":12,"7":1,"8":9,"9":12,"10":1,"11":8,"12":8,"13":8,"14":8,"15":8,"16":8,"17":8,"18":1,"19":8,"20":8,"21":8,"22":8,"23":8,"24":2,"25":8,"26":8,"27":18,"28":18,"29":9,"30":9,"31":45,"32":17,"33":42,"34":9,"35":9,"36":0,"37":9,"38":9,"39":9,"40":21,"41":19,"42":21,"43":3,"44":3,"45":18,"46":1,"47":1,"48":17,"49":9,"50":8,"51":8,"52":8,"53":7,"54":19,"55":7,"56":9,"57":9,"58":0,"59":9,"60":9,"61":9,"62":2,"63":2,"64":2,"65":1,"66":1,"67":1,"68":1,"69":1,"70":1,"71":1,"72":1,"73":1,"74":1,"75":1,"76":1,"77":1,"78":3,"79":3,"80":12,"81":12,"82":0,"83":12,"84":0,"85":12,"86":0,"87":12,"88":31,"89":1,"90":1,"91":0,"92":1,"93":1,"94":0,"95":0,"96":3,"97":3,"98":1,"99":3,"100":0,"101":3,"102":3,"103":3,"104":3,"105":5,"106":5,"107":5,"108":2,"109":2,"110":76,"111":2,"112":0,"113":2,"114":2,"115":2},"f":{"0":9,"1":12,"2":1,"3":8,"4":1,"5":8,"6":18,"7":45,"8":17,"9":42,"10":9,"11":7,"12":9,"13":12,"14":1,"15":3,"16":0,"17":76,"18":2},"b":{"0":[8,0],"1":[2,6],"2":[9,9],"3":[18,18,9],"4":[0,9],"5":[19,2],"6":[3,18],"7":[1,17],"8":[8,1],"9":[8,0],"10":[7,12],"11":[0,9],"12":[8,1],"13":[2,1,1,1,1,1,3],"14":[2,0],"15":[1,0],"16":[1,0],"17":[3,0],"18":[3,3,3,3,3],"19":[0,12],"20":[0,12],"21":[0,12],"22":[12,19],"23":[0,1],"24":[0,1],"25":[1,1],"26":[1,2],"27":[1,2],"28":[5,0],"29":[2,3],"30":[76,68],"31":[2],"32":[0,2],"33":[2,0]},"meta":{"lastBranch":34,"lastFunction":19,"lastStatement":116,"seen":{"s:22:22:22:35":0,"s:23:29:23:32":1,"s:26:18:26:20":2,"s:28:17:28:21":3,"s:30:10:30:14":4,"s:31:17:31:75":5,"s:32:17:32:72":6,"s:33:15:33:68":7,"f:31:17:31:18":0,"s:31:53:31:75":8,"f:32:17:32:18":1,"s:32:50:32:72":9,"f:33:15:33:16":2,"s:33:48:33:68":10,"f:35:4:35:21":3,"b:36:8:36:Infinity:undefined:undefined:undefined:undefined":0,"s:36:8:36:Infinity":11,"s:36:40:36:Infinity":12,"s:37:8:37:Infinity":13,"s:38:8:38:Infinity":14,"s:39:8:39:Infinity":15,"s:40:8:40:Infinity":16,"s:41:8:41:Infinity":17,"f:41:40:41:41":4,"s:41:46:41:66":18,"s:42:8:47:Infinity":19,"f:50:4:50:24":5,"s:51:8:51:Infinity":20,"s:52:8:52:Infinity":21,"s:53:8:53:Infinity":22,"b:54:8:54:Infinity:undefined:undefined:undefined:undefined":1,"s:54:8:54:Infinity":23,"s:54:29:54:Infinity":24,"s:55:8:55:Infinity":25,"s:56:8:56:Infinity":26,"f:63:8:63:18":6,"s:64:23:64:56":27,"b:65:8:67:Infinity:undefined:undefined:undefined:undefined":2,"s:65:8:67:Infinity":28,"b:65:12:65:41:65:45:65:66:65:70:65:99":3,"s:66:12:66:Infinity":29,"s:68:8:68:Infinity":30,"f:75:8:75:13":7,"s:76:8:76:Infinity":31,"f:83:8:83:22":8,"s:84:8:84:Infinity":32,"f:84:33:84:34":9,"s:84:41:84:56":33,"f:87:4:87:17":10,"s:88:22:88:32":34,"b:89:8:89:Infinity:undefined:undefined:undefined:undefined":4,"s:89:8:89:Infinity":35,"s:89:32:89:Infinity":36,"s:90:23:90:38":37,"s:91:28:91:33":38,"s:92:8:104:Infinity":39,"b:93:12:93:Infinity:undefined:undefined:undefined:undefined":5,"s:93:12:93:Infinity":40,"s:93:42:93:Infinity":41,"b:94:12:97:Infinity:undefined:undefined:undefined:undefined":6,"s:94:12:97:Infinity":42,"s:95:16:95:Infinity":43,"s:96:16:96:Infinity":44,"b:98:12:103:Infinity:101:19:103:Infinity":7,"s:98:12:103:Infinity":45,"s:99:16:99:Infinity":46,"s:100:16:100:Infinity":47,"s:102:16:102:Infinity":48,"b:105:8:108:Infinity:undefined:undefined:undefined:undefined":8,"s:105:8:108:Infinity":49,"s:106:26:106:48":50,"b:107:12:107:Infinity:undefined:undefined:undefined:undefined":9,"s:107:12:107:Infinity":51,"s:107:23:107:Infinity":52,"f:114:4:114:14":11,"s:115:8:115:Infinity":53,"s:115:37:115:Infinity":54,"b:115:79:115:82:115:85:115:89":10,"s:116:8:116:Infinity":55,"f:122:4:122:18":12,"s:123:22:123:41":56,"b:124:8:124:Infinity:undefined:undefined:undefined:undefined":11,"s:124:8:124:Infinity":57,"s:124:32:124:Infinity":58,"s:125:24:125:39":59,"s:126:20:126:57":60,"b:126:30:126:52:126:55:126:57":12,"b:129:12:132:Infinity:133:12:136:Infinity:137:12:140:Infinity:141:12:144:Infinity:145:12:145:Infinity:146:12:151:Infinity:152:12:155:Infinity":13,"s:128:8:156:Infinity":61,"s:130:16:130:Infinity":62,"s:131:16:131:Infinity":63,"b:131:32:131:78:131:82:131:90":14,"s:132:16:132:Infinity":64,"s:134:16:134:Infinity":65,"s:135:16:135:Infinity":66,"b:135:32:135:78:135:82:135:105":15,"s:136:16:136:Infinity":67,"s:138:16:138:Infinity":68,"s:139:16:139:Infinity":69,"s:140:16:140:Infinity":70,"s:142:16:142:Infinity":71,"s:143:16:143:Infinity":72,"s:144:16:144:Infinity":73,"b:147:16:150:Infinity:undefined:undefined:undefined:undefined":16,"s:147:16:150:Infinity":74,"s:148:20:148:Infinity":75,"s:149:20:149:Infinity":76,"s:151:16:151:Infinity":77,"b:153:16:155:Infinity:undefined:undefined:undefined:undefined":17,"s:153:16:155:Infinity":78,"b:153:20:153:38:153:42:153:58:153:62:153:72:153:76:153:86:153:90:153:99":18,"s:154:20:154:Infinity":79,"f:162:4:162:18":13,"s:163:23:163:31":80,"b:164:8:164:Infinity:undefined:undefined:undefined:undefined":19,"s:164:8:164:Infinity":81,"s:164:46:164:Infinity":82,"b:165:8:165:Infinity:undefined:undefined:undefined:undefined":20,"s:165:8:165:Infinity":83,"s:165:44:165:Infinity":84,"b:166:8:166:Infinity:undefined:undefined:undefined:undefined":21,"s:166:8:166:Infinity":85,"s:166:32:166:Infinity":86,"s:167:8:167:Infinity":87,"s:167:37:167:Infinity":88,"b:167:81:167:84:167:87:167:91":22,"f:173:4:173:16":14,"s:174:23:174:31":89,"b:175:8:175:Infinity:undefined:undefined:undefined:undefined":23,"s:175:8:175:Infinity":90,"s:175:42:175:Infinity":91,"s:176:21:176:50":92,"b:177:8:180:Infinity:undefined:undefined:undefined:undefined":24,"s:177:8:180:Infinity":93,"b:177:12:177:39:177:43:177:59":25,"s:178:12:178:Infinity":94,"s:179:12:179:Infinity":95,"f:188:4:188:14":15,"s:189:8:189:Infinity":96,"b:190:8:190:Infinity:undefined:undefined:undefined:undefined":26,"s:190:8:190:Infinity":97,"s:190:29:190:Infinity":98,"s:191:8:193:Infinity":99,"f:191:37:191:38":16,"s:192:12:192:Infinity":100,"s:195:20:195:36":101,"s:199:22:199:42":102,"b:199:33:199:35:199:38:199:42":27,"s:200:8:207:Infinity":103,"s:200:21:200:22":104,"s:201:24:201:65":105,"s:202:26:202:77":106,"b:202:27:202:49:202:53:202:55":28,"b:203:12:206:Infinity:undefined:undefined:undefined:undefined":29,"s:203:12:206:Infinity":107,"s:204:16:204:Infinity":108,"s:205:16:205:Infinity":109,"f:215:9:215:19":17,"s:216:4:216:Infinity":110,"b:216:11:216:38:216:42:216:85":30,"f:224:16:224:28":18,"b:224:39:224:50":31,"b:225:4:225:Infinity:undefined:undefined:undefined:undefined":32,"s:225:4:225:Infinity":111,"s:225:58:225:Infinity":112,"b:226:4:228:Infinity:undefined:undefined:undefined:undefined":33,"s:226:4:228:Infinity":113,"s:227:8:227:Infinity":114,"s:232:0:232:Infinity":115}}}
,"/Users/kshutkin/projects/neon/web-components/src/tooltip.js": {"path":"/Users/kshutkin/projects/neon/web-components/src/tooltip.js","statementMap":{"0":{"start":{"line":49,"column":41},"end":{"line":49,"column":75}},"1":{"start":{"line":51,"column":22},"end":{"line":51,"column":25}},"2":{"start":{"line":52,"column":23},"end":{"line":52,"column":26}},"3":{"start":{"line":54,"column":13},"end":{"line":54,"column":14}},"4":{"start":{"line":66,"column":14},"end":{"line":66,"column":18}},"5":{"start":{"line":68,"column":16},"end":{"line":68,"column":25}},"6":{"start":{"line":70,"column":13},"end":{"line":70,"column":17}},"7":{"start":{"line":72,"column":17},"end":{"line":72,"column":21}},"8":{"start":{"line":76,"column":26},"end":{"line":76,"column":31}},"9":{"start":{"line":77,"column":18},"end":{"line":77,"column":20}},"10":{"start":{"line":79,"column":22},"end":{"line":81,"column":5}},"11":{"start":{"line":82,"column":22},"end":{"line":84,"column":5}},"12":{"start":{"line":85,"column":17},"end":{"line":87,"column":5}},"13":{"start":{"line":88,"column":18},"end":{"line":90,"column":5}},"14":{"start":{"line":91,"column":15},"end":{"line":106,"column":5}},"15":{"start":{"line":107,"column":26},"end":{"line":112,"column":5}},"16":{"start":{"line":113,"column":26},"end":{"line":115,"column":5}},"17":{"start":{"line":62,"column":8},"end":{"line":62,"column":null}},"18":{"start":{"line":80,"column":8},"end":{"line":80,"column":null}},"19":{"start":{"line":80,"column":41},"end":{"line":80,"column":null}},"20":{"start":{"line":83,"column":8},"end":{"line":83,"column":null}},"21":{"start":{"line":83,"column":41},"end":{"line":83,"column":null}},"22":{"start":{"line":86,"column":8},"end":{"line":86,"column":null}},"23":{"start":{"line":86,"column":41},"end":{"line":86,"column":null}},"24":{"start":{"line":89,"column":8},"end":{"line":89,"column":null}},"25":{"start":{"line":89,"column":41},"end":{"line":89,"column":null}},"26":{"start":{"line":92,"column":8},"end":{"line":92,"column":null}},"27":{"start":{"line":92,"column":42},"end":{"line":92,"column":null}},"28":{"start":{"line":93,"column":8},"end":{"line":105,"column":null}},"29":{"start":{"line":93,"column":43},"end":{"line":93,"column":null}},"30":{"start":{"line":96,"column":12},"end":{"line":99,"column":null}},"31":{"start":{"line":97,"column":16},"end":{"line":97,"column":null}},"32":{"start":{"line":98,"column":16},"end":{"line":98,"column":null}},"33":{"start":{"line":100,"column":12},"end":{"line":104,"column":null}},"34":{"start":{"line":101,"column":35},"end":{"line":101,"column":null}},"35":{"start":{"line":108,"column":8},"end":{"line":111,"column":null}},"36":{"start":{"line":109,"column":12},"end":{"line":109,"column":null}},"37":{"start":{"line":110,"column":12},"end":{"line":110,"column":null}},"38":{"start":{"line":114,"column":8},"end":{"line":114,"column":null}},"39":{"start":{"line":118,"column":23},"end":{"line":118,"column":41}},"40":{"start":{"line":119,"column":8},"end":{"line":119,"column":null}},"41":{"start":{"line":119,"column":21},"end":{"line":119,"column":null}},"42":{"start":{"line":120,"column":8},"end":{"line":120,"column":null}},"43":{"start":{"line":122,"column":8},"end":{"line":122,"column":null}},"44":{"start":{"line":122,"column":22},"end":{"line":122,"column":null}},"45":{"start":{"line":123,"column":8},"end":{"line":123,"column":null}},"46":{"start":{"line":123,"column":43},"end":{"line":123,"column":null}},"47":{"start":{"line":124,"column":8},"end":{"line":124,"column":null}},"48":{"start":{"line":127,"column":8},"end":{"line":131,"column":null}},"49":{"start":{"line":128,"column":26},"end":{"line":128,"column":55}},"50":{"start":{"line":129,"column":12},"end":{"line":129,"column":null}},"51":{"start":{"line":130,"column":12},"end":{"line":130,"column":null}},"52":{"start":{"line":134,"column":8},"end":{"line":136,"column":null}},"53":{"start":{"line":135,"column":12},"end":{"line":135,"column":null}},"54":{"start":{"line":141,"column":31},"end":{"line":141,"column":75}},"55":{"start":{"line":142,"column":8},"end":{"line":153,"column":null}},"56":{"start":{"line":143,"column":12},"end":{"line":143,"column":null}},"57":{"start":{"line":144,"column":12},"end":{"line":146,"column":null}},"58":{"start":{"line":145,"column":16},"end":{"line":145,"column":null}},"59":{"start":{"line":148,"column":12},"end":{"line":148,"column":null}},"60":{"start":{"line":149,"column":12},"end":{"line":149,"column":null}},"61":{"start":{"line":150,"column":12},"end":{"line":152,"column":null}},"62":{"start":{"line":151,"column":16},"end":{"line":151,"column":null}},"63":{"start":{"line":156,"column":8},"end":{"line":159,"column":null}},"64":{"start":{"line":157,"column":12},"end":{"line":157,"column":null}},"65":{"start":{"line":158,"column":12},"end":{"line":158,"column":null}},"66":{"start":{"line":161,"column":8},"end":{"line":161,"column":null}},"67":{"start":{"line":163,"column":8},"end":{"line":163,"column":null}},"68":{"start":{"line":164,"column":21},"end":{"line":164,"column":55}},"69":{"start":{"line":165,"column":8},"end":{"line":165,"column":null}},"70":{"start":{"line":166,"column":8},"end":{"line":166,"column":null}},"71":{"start":{"line":167,"column":8},"end":{"line":167,"column":null}},"72":{"start":{"line":168,"column":8},"end":{"line":168,"column":null}},"73":{"start":{"line":169,"column":8},"end":{"line":169,"column":null}},"74":{"start":{"line":170,"column":8},"end":{"line":170,"column":null}},"75":{"start":{"line":171,"column":8},"end":{"line":171,"column":null}},"76":{"start":{"line":173,"column":8},"end":{"line":179,"column":null}},"77":{"start":{"line":175,"column":12},"end":{"line":178,"column":null}},"78":{"start":{"line":183,"column":8},"end":{"line":186,"column":null}},"79":{"start":{"line":184,"column":12},"end":{"line":184,"column":null}},"80":{"start":{"line":185,"column":12},"end":{"line":185,"column":null}},"81":{"start":{"line":187,"column":8},"end":{"line":187,"column":null}},"82":{"start":{"line":188,"column":8},"end":{"line":188,"column":null}},"83":{"start":{"line":189,"column":23},"end":{"line":189,"column":35}},"84":{"start":{"line":190,"column":8},"end":{"line":197,"column":null}},"85":{"start":{"line":191,"column":12},"end":{"line":193,"column":null}},"86":{"start":{"line":192,"column":16},"end":{"line":192,"column":null}},"87":{"start":{"line":194,"column":12},"end":{"line":196,"column":null}},"88":{"start":{"line":195,"column":16},"end":{"line":195,"column":null}},"89":{"start":{"line":198,"column":8},"end":{"line":198,"column":null}},"90":{"start":{"line":199,"column":8},"end":{"line":199,"column":null}},"91":{"start":{"line":200,"column":8},"end":{"line":200,"column":null}},"92":{"start":{"line":204,"column":8},"end":{"line":204,"column":null}},"93":{"start":{"line":204,"column":26},"end":{"line":204,"column":null}},"94":{"start":{"line":209,"column":8},"end":{"line":209,"column":null}},"95":{"start":{"line":214,"column":8},"end":{"line":217,"column":null}},"96":{"start":{"line":215,"column":12},"end":{"line":215,"column":null}},"97":{"start":{"line":216,"column":12},"end":{"line":216,"column":null}},"98":{"start":{"line":218,"column":8},"end":{"line":224,"column":null}},"99":{"start":{"line":219,"column":12},"end":{"line":221,"column":null}},"100":{"start":{"line":220,"column":35},"end":{"line":220,"column":null}},"101":{"start":{"line":228,"column":26},"end":{"line":228,"column":76}},"102":{"start":{"line":229,"column":8},"end":{"line":229,"column":null}},"103":{"start":{"line":230,"column":8},"end":{"line":230,"column":null}},"104":{"start":{"line":232,"column":8},"end":{"line":232,"column":null}},"105":{"start":{"line":239,"column":8},"end":{"line":239,"column":null}},"106":{"start":{"line":239,"column":75},"end":{"line":239,"column":null}},"107":{"start":{"line":240,"column":8},"end":{"line":240,"column":null}},"108":{"start":{"line":240,"column":25},"end":{"line":240,"column":null}},"109":{"start":{"line":241,"column":8},"end":{"line":248,"column":null}},"110":{"start":{"line":242,"column":12},"end":{"line":247,"column":null}},"111":{"start":{"line":243,"column":16},"end":{"line":243,"column":null}},"112":{"start":{"line":243,"column":51},"end":{"line":243,"column":null}},"113":{"start":{"line":244,"column":35},"end":{"line":244,"column":null}},"114":{"start":{"line":255,"column":8},"end":{"line":255,"column":null}},"115":{"start":{"line":255,"column":75},"end":{"line":255,"column":null}},"116":{"start":{"line":256,"column":8},"end":{"line":256,"column":null}},"117":{"start":{"line":256,"column":25},"end":{"line":256,"column":null}},"118":{"start":{"line":257,"column":8},"end":{"line":268,"column":null}},"119":{"start":{"line":258,"column":27},"end":{"line":258,"column":39}},"120":{"start":{"line":259,"column":12},"end":{"line":259,"column":null}},"121":{"start":{"line":259,"column":40},"end":{"line":259,"column":null}},"122":{"start":{"line":260,"column":12},"end":{"line":260,"column":null}},"123":{"start":{"line":260,"column":43},"end":{"line":260,"column":null}},"124":{"start":{"line":261,"column":12},"end":{"line":261,"column":null}},"125":{"start":{"line":261,"column":51},"end":{"line":261,"column":null}},"126":{"start":{"line":262,"column":12},"end":{"line":262,"column":null}},"127":{"start":{"line":262,"column":55},"end":{"line":262,"column":null}},"128":{"start":{"line":263,"column":12},"end":{"line":267,"column":null}},"129":{"start":{"line":264,"column":16},"end":{"line":264,"column":null}},"130":{"start":{"line":264,"column":70},"end":{"line":264,"column":null}},"131":{"start":{"line":277,"column":4},"end":{"line":277,"column":null}},"132":{"start":{"line":286,"column":16},"end":{"line":286,"column":25}},"133":{"start":{"line":287,"column":4},"end":{"line":291,"column":null}},"134":{"start":{"line":289,"column":8},"end":{"line":289,"column":null}},"135":{"start":{"line":290,"column":8},"end":{"line":290,"column":null}},"136":{"start":{"line":292,"column":4},"end":{"line":296,"column":null}},"137":{"start":{"line":293,"column":8},"end":{"line":295,"column":null}},"138":{"start":{"line":294,"column":12},"end":{"line":294,"column":null}},"139":{"start":{"line":297,"column":4},"end":{"line":297,"column":null}},"140":{"start":{"line":308,"column":4},"end":{"line":311,"column":null}},"141":{"start":{"line":309,"column":19},"end":{"line":309,"column":46}},"142":{"start":{"line":310,"column":8},"end":{"line":310,"column":null}},"143":{"start":{"line":312,"column":15},"end":{"line":312,"column":42}},"144":{"start":{"line":313,"column":4},"end":{"line":313,"column":null}},"145":{"start":{"line":323,"column":4},"end":{"line":323,"column":null}},"146":{"start":{"line":323,"column":58},"end":{"line":323,"column":null}},"147":{"start":{"line":324,"column":4},"end":{"line":324,"column":null}},"148":{"start":{"line":324,"column":48},"end":{"line":324,"column":null}},"149":{"start":{"line":325,"column":4},"end":{"line":325,"column":null}},"150":{"start":{"line":329,"column":0},"end":{"line":329,"column":null}}},"fnMap":{"0":{"name":"(anonymous_0)","decl":{"start":{"line":61,"column":15},"end":{"line":61,"column":33}},"loc":{"start":{"line":61,"column":36},"end":{"line":63,"column":null}},"line":61},"1":{"name":"(anonymous_1)","decl":{"start":{"line":79,"column":22},"end":{"line":79,"column":23}},"loc":{"start":{"line":79,"column":28},"end":{"line":81,"column":5}},"line":79},"2":{"name":"(anonymous_2)","decl":{"start":{"line":82,"column":22},"end":{"line":82,"column":23}},"loc":{"start":{"line":82,"column":28},"end":{"line":84,"column":5}},"line":82},"3":{"name":"(anonymous_3)","decl":{"start":{"line":85,"column":17},"end":{"line":85,"column":18}},"loc":{"start":{"line":85,"column":23},"end":{"line":87,"column":5}},"line":85},"4":{"name":"(anonymous_4)","decl":{"start":{"line":88,"column":18},"end":{"line":88,"column":19}},"loc":{"start":{"line":88,"column":24},"end":{"line":90,"column":5}},"line":88},"5":{"name":"(anonymous_5)","decl":{"start":{"line":91,"column":15},"end":{"line":91,"column":16}},"loc":{"start":{"line":91,"column":21},"end":{"line":106,"column":5}},"line":91},"6":{"name":"(anonymous_6)","decl":{"start":{"line":107,"column":26},"end":{"line":107,"column":27}},"loc":{"start":{"line":107,"column":32},"end":{"line":112,"column":5}},"line":107},"7":{"name":"(anonymous_7)","decl":{"start":{"line":113,"column":26},"end":{"line":113,"column":27}},"loc":{"start":{"line":113,"column":32},"end":{"line":115,"column":5}},"line":113},"8":{"name":"(anonymous_8)","decl":{"start":{"line":117,"column":4},"end":{"line":117,"column":21}},"loc":{"start":{"line":117,"column":24},"end":{"line":180,"column":null}},"line":117},"9":{"name":"(anonymous_9)","decl":{"start":{"line":182,"column":4},"end":{"line":182,"column":24}},"loc":{"start":{"line":182,"column":27},"end":{"line":201,"column":null}},"line":182},"10":{"name":"(anonymous_10)","decl":{"start":{"line":203,"column":4},"end":{"line":203,"column":28}},"loc":{"start":{"line":203,"column":31},"end":{"line":205,"column":null}},"line":203},"11":{"name":"(anonymous_11)","decl":{"start":{"line":208,"column":4},"end":{"line":208,"column":15}},"loc":{"start":{"line":208,"column":18},"end":{"line":210,"column":null}},"line":208},"12":{"name":"(anonymous_12)","decl":{"start":{"line":213,"column":4},"end":{"line":213,"column":15}},"loc":{"start":{"line":213,"column":18},"end":{"line":225,"column":null}},"line":213},"13":{"name":"(anonymous_13)","decl":{"start":{"line":227,"column":4},"end":{"line":227,"column":12}},"loc":{"start":{"line":227,"column":15},"end":{"line":233,"column":null}},"line":227},"14":{"name":"(anonymous_14)","decl":{"start":{"line":238,"column":4},"end":{"line":238,"column":17}},"loc":{"start":{"line":238,"column":41},"end":{"line":249,"column":null}},"line":238},"15":{"name":"(anonymous_15)","decl":{"start":{"line":241,"column":33},"end":{"line":241,"column":34}},"loc":{"start":{"line":241,"column":39},"end":{"line":248,"column":9}},"line":241},"16":{"name":"(anonymous_16)","decl":{"start":{"line":254,"column":4},"end":{"line":254,"column":17}},"loc":{"start":{"line":254,"column":42},"end":{"line":269,"column":null}},"line":254},"17":{"name":"(anonymous_17)","decl":{"start":{"line":257,"column":33},"end":{"line":257,"column":34}},"loc":{"start":{"line":257,"column":39},"end":{"line":268,"column":9}},"line":257},"18":{"name":"readPlacement","decl":{"start":{"line":276,"column":9},"end":{"line":276,"column":22}},"loc":{"start":{"line":276,"column":30},"end":{"line":278,"column":null}},"line":276},"19":{"name":"readTriggerSet","decl":{"start":{"line":284,"column":9},"end":{"line":284,"column":23}},"loc":{"start":{"line":284,"column":31},"end":{"line":298,"column":null}},"line":284},"20":{"name":"isFocusable","decl":{"start":{"line":307,"column":9},"end":{"line":307,"column":20}},"loc":{"start":{"line":307,"column":25},"end":{"line":314,"column":null}},"line":307},"21":{"name":"registerTooltip","decl":{"start":{"line":322,"column":16},"end":{"line":322,"column":31}},"loc":{"start":{"line":322,"column":58},"end":{"line":326,"column":null}},"line":322}},"branchMap":{"0":{"loc":{"start":{"line":80,"column":8},"end":{"line":80,"column":null}},"type":"if","locations":[{"start":{"line":80,"column":8},"end":{"line":80,"column":null}},{"start":{},"end":{}}],"line":80},"1":{"loc":{"start":{"line":83,"column":8},"end":{"line":83,"column":null}},"type":"if","locations":[{"start":{"line":83,"column":8},"end":{"line":83,"column":null}},{"start":{},"end":{}}],"line":83},"2":{"loc":{"start":{"line":86,"column":8},"end":{"line":86,"column":null}},"type":"if","locations":[{"start":{"line":86,"column":8},"end":{"line":86,"column":null}},{"start":{},"end":{}}],"line":86},"3":{"loc":{"start":{"line":89,"column":8},"end":{"line":89,"column":null}},"type":"if","locations":[{"start":{"line":89,"column":8},"end":{"line":89,"column":null}},{"start":{},"end":{}}],"line":89},"4":{"loc":{"start":{"line":92,"column":8},"end":{"line":92,"column":null}},"type":"if","locations":[{"start":{"line":92,"column":8},"end":{"line":92,"column":null}},{"start":{},"end":{}}],"line":92},"5":{"loc":{"start":{"line":93,"column":8},"end":{"line":105,"column":null}},"type":"if","locations":[{"start":{"line":93,"column":8},"end":{"line":105,"column":null}},{"start":{"line":94,"column":13},"end":{"line":105,"column":null}}],"line":93},"6":{"loc":{"start":{"line":96,"column":12},"end":{"line":99,"column":null}},"type":"if","locations":[{"start":{"line":96,"column":12},"end":{"line":99,"column":null}},{"start":{},"end":{}}],"line":96},"7":{"loc":{"start":{"line":108,"column":8},"end":{"line":111,"column":null}},"type":"if","locations":[{"start":{"line":108,"column":8},"end":{"line":111,"column":null}},{"start":{},"end":{}}],"line":108},"8":{"loc":{"start":{"line":119,"column":8},"end":{"line":119,"column":null}},"type":"if","locations":[{"start":{"line":119,"column":8},"end":{"line":119,"column":null}},{"start":{},"end":{}}],"line":119},"9":{"loc":{"start":{"line":122,"column":8},"end":{"line":122,"column":null}},"type":"if","locations":[{"start":{"line":122,"column":8},"end":{"line":122,"column":null}},{"start":{},"end":{}}],"line":122},"10":{"loc":{"start":{"line":123,"column":8},"end":{"line":123,"column":null}},"type":"if","locations":[{"start":{"line":123,"column":8},"end":{"line":123,"column":null}},{"start":{},"end":{}}],"line":123},"11":{"loc":{"start":{"line":127,"column":8},"end":{"line":131,"column":null}},"type":"if","locations":[{"start":{"line":127,"column":8},"end":{"line":131,"column":null}},{"start":{},"end":{}}],"line":127},"12":{"loc":{"start":{"line":134,"column":8},"end":{"line":136,"column":null}},"type":"if","locations":[{"start":{"line":134,"column":8},"end":{"line":136,"column":null}},{"start":{},"end":{}}],"line":134},"13":{"loc":{"start":{"line":134,"column":12},"end":{"line":134,"column":95}},"type":"binary-expr","locations":[{"start":{"line":134,"column":12},"end":{"line":134,"column":38}},{"start":{"line":134,"column":42},"end":{"line":134,"column":95}}],"line":134},"14":{"loc":{"start":{"line":142,"column":8},"end":{"line":153,"column":null}},"type":"if","locations":[{"start":{"line":142,"column":8},"end":{"line":153,"column":null}},{"start":{"line":147,"column":15},"end":{"line":153,"column":null}}],"line":142},"15":{"loc":{"start":{"line":144,"column":12},"end":{"line":146,"column":null}},"type":"if","locations":[{"start":{"line":144,"column":12},"end":{"line":146,"column":null}},{"start":{},"end":{}}],"line":144},"16":{"loc":{"start":{"line":150,"column":12},"end":{"line":152,"column":null}},"type":"if","locations":[{"start":{"line":150,"column":12},"end":{"line":152,"column":null}},{"start":{},"end":{}}],"line":150},"17":{"loc":{"start":{"line":156,"column":8},"end":{"line":159,"column":null}},"type":"if","locations":[{"start":{"line":156,"column":8},"end":{"line":159,"column":null}},{"start":{},"end":{}}],"line":156},"18":{"loc":{"start":{"line":173,"column":8},"end":{"line":179,"column":null}},"type":"if","locations":[{"start":{"line":173,"column":8},"end":{"line":179,"column":null}},{"start":{},"end":{}}],"line":173},"19":{"loc":{"start":{"line":173,"column":12},"end":{"line":173,"column":63}},"type":"binary-expr","locations":[{"start":{"line":173,"column":12},"end":{"line":173,"column":39}},{"start":{"line":173,"column":43},"end":{"line":173,"column":63}}],"line":173},"20":{"loc":{"start":{"line":183,"column":8},"end":{"line":186,"column":null}},"type":"if","locations":[{"start":{"line":183,"column":8},"end":{"line":186,"column":null}},{"start":{},"end":{}}],"line":183},"21":{"loc":{"start":{"line":190,"column":8},"end":{"line":197,"column":null}},"type":"if","locations":[{"start":{"line":190,"column":8},"end":{"line":197,"column":null}},{"start":{},"end":{}}],"line":190},"22":{"loc":{"start":{"line":191,"column":12},"end":{"line":193,"column":null}},"type":"if","locations":[{"start":{"line":191,"column":12},"end":{"line":193,"column":null}},{"start":{},"end":{}}],"line":191},"23":{"loc":{"start":{"line":191,"column":16},"end":{"line":191,"column":95}},"type":"binary-expr","locations":[{"start":{"line":191,"column":16},"end":{"line":191,"column":40}},{"start":{"line":191,"column":44},"end":{"line":191,"column":95}}],"line":191},"24":{"loc":{"start":{"line":194,"column":12},"end":{"line":196,"column":null}},"type":"if","locations":[{"start":{"line":194,"column":12},"end":{"line":196,"column":null}},{"start":{},"end":{}}],"line":194},"25":{"loc":{"start":{"line":194,"column":16},"end":{"line":194,"column":101}},"type":"binary-expr","locations":[{"start":{"line":194,"column":16},"end":{"line":194,"column":32}},{"start":{"line":194,"column":36},"end":{"line":194,"column":101}}],"line":194},"26":{"loc":{"start":{"line":204,"column":8},"end":{"line":204,"column":null}},"type":"if","locations":[{"start":{"line":204,"column":8},"end":{"line":204,"column":null}},{"start":{},"end":{}}],"line":204},"27":{"loc":{"start":{"line":214,"column":8},"end":{"line":217,"column":null}},"type":"if","locations":[{"start":{"line":214,"column":8},"end":{"line":217,"column":null}},{"start":{},"end":{}}],"line":214},"28":{"loc":{"start":{"line":219,"column":12},"end":{"line":221,"column":null}},"type":"if","locations":[{"start":{"line":219,"column":12},"end":{"line":221,"column":null}},{"start":{},"end":{}}],"line":219},"29":{"loc":{"start":{"line":219,"column":16},"end":{"line":219,"column":110}},"type":"binary-expr","locations":[{"start":{"line":219,"column":16},"end":{"line":219,"column":77}},{"start":{"line":219,"column":81},"end":{"line":219,"column":110}}],"line":219},"30":{"loc":{"start":{"line":238,"column":18},"end":{"line":238,"column":39}},"type":"default-arg","locations":[{"start":{"line":238,"column":26},"end":{"line":238,"column":39}}],"line":238},"31":{"loc":{"start":{"line":239,"column":8},"end":{"line":239,"column":null}},"type":"if","locations":[{"start":{"line":239,"column":8},"end":{"line":239,"column":null}},{"start":{},"end":{}}],"line":239},"32":{"loc":{"start":{"line":240,"column":8},"end":{"line":240,"column":null}},"type":"if","locations":[{"start":{"line":240,"column":8},"end":{"line":240,"column":null}},{"start":{},"end":{}}],"line":240},"33":{"loc":{"start":{"line":243,"column":16},"end":{"line":243,"column":null}},"type":"if","locations":[{"start":{"line":243,"column":16},"end":{"line":243,"column":null}},{"start":{},"end":{}}],"line":243},"34":{"loc":{"start":{"line":254,"column":18},"end":{"line":254,"column":40}},"type":"default-arg","locations":[{"start":{"line":254,"column":26},"end":{"line":254,"column":40}}],"line":254},"35":{"loc":{"start":{"line":255,"column":8},"end":{"line":255,"column":null}},"type":"if","locations":[{"start":{"line":255,"column":8},"end":{"line":255,"column":null}},{"start":{},"end":{}}],"line":255},"36":{"loc":{"start":{"line":256,"column":8},"end":{"line":256,"column":null}},"type":"if","locations":[{"start":{"line":256,"column":8},"end":{"line":256,"column":null}},{"start":{},"end":{}}],"line":256},"37":{"loc":{"start":{"line":259,"column":12},"end":{"line":259,"column":null}},"type":"if","locations":[{"start":{"line":259,"column":12},"end":{"line":259,"column":null}},{"start":{},"end":{}}],"line":259},"38":{"loc":{"start":{"line":260,"column":12},"end":{"line":260,"column":null}},"type":"if","locations":[{"start":{"line":260,"column":12},"end":{"line":260,"column":null}},{"start":{},"end":{}}],"line":260},"39":{"loc":{"start":{"line":261,"column":12},"end":{"line":261,"column":null}},"type":"if","locations":[{"start":{"line":261,"column":12},"end":{"line":261,"column":null}},{"start":{},"end":{}}],"line":261},"40":{"loc":{"start":{"line":262,"column":12},"end":{"line":262,"column":null}},"type":"if","locations":[{"start":{"line":262,"column":12},"end":{"line":262,"column":null}},{"start":{},"end":{}}],"line":262},"41":{"loc":{"start":{"line":264,"column":16},"end":{"line":264,"column":null}},"type":"if","locations":[{"start":{"line":264,"column":16},"end":{"line":264,"column":null}},{"start":{},"end":{}}],"line":264},"42":{"loc":{"start":{"line":277,"column":31},"end":{"line":277,"column":94}},"type":"cond-expr","locations":[{"start":{"line":277,"column":81},"end":{"line":277,"column":86}},{"start":{"line":277,"column":89},"end":{"line":277,"column":94}}],"line":277},"43":{"loc":{"start":{"line":287,"column":4},"end":{"line":291,"column":null}},"type":"if","locations":[{"start":{"line":287,"column":4},"end":{"line":291,"column":null}},{"start":{},"end":{}}],"line":287},"44":{"loc":{"start":{"line":293,"column":8},"end":{"line":295,"column":null}},"type":"if","locations":[{"start":{"line":293,"column":8},"end":{"line":295,"column":null}},{"start":{},"end":{}}],"line":293},"45":{"loc":{"start":{"line":293,"column":12},"end":{"line":293,"column":68}},"type":"binary-expr","locations":[{"start":{"line":293,"column":12},"end":{"line":293,"column":28}},{"start":{"line":293,"column":32},"end":{"line":293,"column":48}},{"start":{"line":293,"column":52},"end":{"line":293,"column":68}}],"line":293},"46":{"loc":{"start":{"line":308,"column":4},"end":{"line":311,"column":null}},"type":"if","locations":[{"start":{"line":308,"column":4},"end":{"line":311,"column":null}},{"start":{},"end":{}}],"line":308},"47":{"loc":{"start":{"line":310,"column":15},"end":{"line":310,"column":33}},"type":"binary-expr","locations":[{"start":{"line":310,"column":15},"end":{"line":310,"column":18}},{"start":{"line":310,"column":22},"end":{"line":310,"column":33}}],"line":310},"48":{"loc":{"start":{"line":313,"column":11},"end":{"line":313,"column":37}},"type":"binary-expr","locations":[{"start":{"line":313,"column":11},"end":{"line":313,"column":22}},{"start":{"line":313,"column":26},"end":{"line":313,"column":37}}],"line":313},"49":{"loc":{"start":{"line":322,"column":32},"end":{"line":322,"column":56}},"type":"default-arg","locations":[{"start":{"line":322,"column":42},"end":{"line":322,"column":56}}],"line":322},"50":{"loc":{"start":{"line":323,"column":4},"end":{"line":323,"column":null}},"type":"if","locations":[{"start":{"line":323,"column":4},"end":{"line":323,"column":null}},{"start":{},"end":{}}],"line":323},"51":{"loc":{"start":{"line":324,"column":4},"end":{"line":324,"column":null}},"type":"if","locations":[{"start":{"line":324,"column":4},"end":{"line":324,"column":null}},{"start":{},"end":{}}],"line":324}},"s":{"0":3,"1":3,"2":3,"3":3,"4":10,"5":10,"6":10,"7":10,"8":10,"9":10,"10":0,"11":0,"12":0,"13":0,"14":4,"15":0,"16":0,"17":3,"18":0,"19":0,"20":0,"21":0,"22":0,"23":0,"24":0,"25":0,"26":4,"27":0,"28":4,"29":2,"30":2,"31":0,"32":0,"33":2,"34":2,"35":0,"36":0,"37":0,"38":0,"39":10,"40":10,"41":0,"42":10,"43":10,"44":10,"45":10,"46":10,"47":10,"48":10,"49":10,"50":10,"51":10,"52":10,"53":9,"54":10,"55":10,"56":0,"57":0,"58":0,"59":10,"60":10,"61":10,"62":10,"63":10,"64":9,"65":9,"66":10,"67":10,"68":10,"69":10,"70":10,"71":10,"72":10,"73":10,"74":10,"75":10,"76":10,"77":0,"78":10,"79":0,"80":0,"81":10,"82":10,"83":10,"84":10,"85":10,"86":9,"87":10,"88":10,"89":10,"90":10,"91":10,"92":5,"93":1,"94":0,"95":3,"96":0,"97":0,"98":3,"99":3,"100":3,"101":11,"102":11,"103":11,"104":11,"105":0,"106":0,"107":0,"108":0,"109":0,"110":0,"111":0,"112":0,"113":0,"114":0,"115":0,"116":0,"117":0,"118":0,"119":0,"120":0,"121":0,"122":0,"123":0,"124":0,"125":0,"126":0,"127":0,"128":0,"129":0,"130":0,"131":11,"132":11,"133":11,"134":8,"135":8,"136":3,"137":3,"138":2,"139":3,"140":7,"141":7,"142":7,"143":0,"144":0,"145":3,"146":0,"147":3,"148":0,"149":3,"150":3},"f":{"0":3,"1":0,"2":0,"3":0,"4":0,"5":4,"6":0,"7":0,"8":10,"9":10,"10":5,"11":0,"12":3,"13":11,"14":0,"15":0,"16":0,"17":0,"18":11,"19":11,"20":7,"21":3},"b":{"0":[0,0],"1":[0,0],"2":[0,0],"3":[0,0],"4":[0,4],"5":[2,2],"6":[0,2],"7":[0,0],"8":[0,10],"9":[10,0],"10":[10,0],"11":[10,0],"12":[9,1],"13":[10,10],"14":[0,10],"15":[0,0],"16":[10,0],"17":[9,1],"18":[0,10],"19":[10,7],"20":[0,10],"21":[10,0],"22":[9,1],"23":[10,9],"24":[10,0],"25":[10,10],"26":[1,4],"27":[0,3],"28":[3,0],"29":[3,3],"30":[0],"31":[0,0],"32":[0,0],"33":[0,0],"34":[0],"35":[0,0],"36":[0,0],"37":[0,0],"38":[0,0],"39":[0,0],"40":[0,0],"41":[0,0],"42":[2,9],"43":[8,3],"44":[2,1],"45":[3,3,3],"46":[7,0],"47":[7,0],"48":[0,0],"49":[3],"50":[0,3],"51":[0,3]},"meta":{"lastBranch":52,"lastFunction":22,"lastStatement":151,"seen":{"s:49:41:49:75":0,"s:51:22:51:25":1,"s:52:23:52:26":2,"s:54:13:54:14":3,"s:66:14:66:18":4,"s:68:16:68:25":5,"s:70:13:70:17":6,"s:72:17:72:21":7,"s:76:26:76:31":8,"s:77:18:77:20":9,"s:79:22:81:5":10,"s:82:22:84:5":11,"s:85:17:87:5":12,"s:88:18:90:5":13,"s:91:15:106:5":14,"s:107:26:112:5":15,"s:113:26:115:5":16,"f:61:15:61:33":0,"s:62:8:62:Infinity":17,"f:79:22:79:23":1,"b:80:8:80:Infinity:undefined:undefined:undefined:undefined":0,"s:80:8:80:Infinity":18,"s:80:41:80:Infinity":19,"f:82:22:82:23":2,"b:83:8:83:Infinity:undefined:undefined:undefined:undefined":1,"s:83:8:83:Infinity":20,"s:83:41:83:Infinity":21,"f:85:17:85:18":3,"b:86:8:86:Infinity:undefined:undefined:undefined:undefined":2,"s:86:8:86:Infinity":22,"s:86:41:86:Infinity":23,"f:88:18:88:19":4,"b:89:8:89:Infinity:undefined:undefined:undefined:undefined":3,"s:89:8:89:Infinity":24,"s:89:41:89:Infinity":25,"f:91:15:91:16":5,"b:92:8:92:Infinity:undefined:undefined:undefined:undefined":4,"s:92:8:92:Infinity":26,"s:92:42:92:Infinity":27,"b:93:8:105:Infinity:94:13:105:Infinity":5,"s:93:8:105:Infinity":28,"s:93:43:93:Infinity":29,"b:96:12:99:Infinity:undefined:undefined:undefined:undefined":6,"s:96:12:99:Infinity":30,"s:97:16:97:Infinity":31,"s:98:16:98:Infinity":32,"s:100:12:104:Infinity":33,"s:101:35:101:Infinity":34,"f:107:26:107:27":6,"b:108:8:111:Infinity:undefined:undefined:undefined:undefined":7,"s:108:8:111:Infinity":35,"s:109:12:109:Infinity":36,"s:110:12:110:Infinity":37,"f:113:26:113:27":7,"s:114:8:114:Infinity":38,"f:117:4:117:21":8,"s:118:23:118:41":39,"b:119:8:119:Infinity:undefined:undefined:undefined:undefined":8,"s:119:8:119:Infinity":40,"s:119:21:119:Infinity":41,"s:120:8:120:Infinity":42,"b:122:8:122:Infinity:undefined:undefined:undefined:undefined":9,"s:122:8:122:Infinity":43,"s:122:22:122:Infinity":44,"b:123:8:123:Infinity:undefined:undefined:undefined:undefined":10,"s:123:8:123:Infinity":45,"s:123:43:123:Infinity":46,"s:124:8:124:Infinity":47,"b:127:8:131:Infinity:undefined:undefined:undefined:undefined":11,"s:127:8:131:Infinity":48,"s:128:26:128:55":49,"s:129:12:129:Infinity":50,"s:130:12:130:Infinity":51,"b:134:8:136:Infinity:undefined:undefined:undefined:undefined":12,"s:134:8:136:Infinity":52,"b:134:12:134:38:134:42:134:95":13,"s:135:12:135:Infinity":53,"s:141:31:141:75":54,"b:142:8:153:Infinity:147:15:153:Infinity":14,"s:142:8:153:Infinity":55,"s:143:12:143:Infinity":56,"b:144:12:146:Infinity:undefined:undefined:undefined:undefined":15,"s:144:12:146:Infinity":57,"s:145:16:145:Infinity":58,"s:148:12:148:Infinity":59,"s:149:12:149:Infinity":60,"b:150:12:152:Infinity:undefined:undefined:undefined:undefined":16,"s:150:12:152:Infinity":61,"s:151:16:151:Infinity":62,"b:156:8:159:Infinity:undefined:undefined:undefined:undefined":17,"s:156:8:159:Infinity":63,"s:157:12:157:Infinity":64,"s:158:12:158:Infinity":65,"s:161:8:161:Infinity":66,"s:163:8:163:Infinity":67,"s:164:21:164:55":68,"s:165:8:165:Infinity":69,"s:166:8:166:Infinity":70,"s:167:8:167:Infinity":71,"s:168:8:168:Infinity":72,"s:169:8:169:Infinity":73,"s:170:8:170:Infinity":74,"s:171:8:171:Infinity":75,"b:173:8:179:Infinity:undefined:undefined:undefined:undefined":18,"s:173:8:179:Infinity":76,"b:173:12:173:39:173:43:173:63":19,"s:175:12:178:Infinity":77,"f:182:4:182:24":9,"b:183:8:186:Infinity:undefined:undefined:undefined:undefined":20,"s:183:8:186:Infinity":78,"s:184:12:184:Infinity":79,"s:185:12:185:Infinity":80,"s:187:8:187:Infinity":81,"s:188:8:188:Infinity":82,"s:189:23:189:35":83,"b:190:8:197:Infinity:undefined:undefined:undefined:undefined":21,"s:190:8:197:Infinity":84,"b:191:12:193:Infinity:undefined:undefined:undefined:undefined":22,"s:191:12:193:Infinity":85,"b:191:16:191:40:191:44:191:95":23,"s:192:16:192:Infinity":86,"b:194:12:196:Infinity:undefined:undefined:undefined:undefined":24,"s:194:12:196:Infinity":87,"b:194:16:194:32:194:36:194:101":25,"s:195:16:195:Infinity":88,"s:198:8:198:Infinity":89,"s:199:8:199:Infinity":90,"s:200:8:200:Infinity":91,"f:203:4:203:28":10,"b:204:8:204:Infinity:undefined:undefined:undefined:undefined":26,"s:204:8:204:Infinity":92,"s:204:26:204:Infinity":93,"f:208:4:208:15":11,"s:209:8:209:Infinity":94,"f:213:4:213:15":12,"b:214:8:217:Infinity:undefined:undefined:undefined:undefined":27,"s:214:8:217:Infinity":95,"s:215:12:215:Infinity":96,"s:216:12:216:Infinity":97,"s:218:8:224:Infinity":98,"b:219:12:221:Infinity:undefined:undefined:undefined:undefined":28,"s:219:12:221:Infinity":99,"b:219:16:219:77:219:81:219:110":29,"s:220:35:220:Infinity":100,"f:227:4:227:12":13,"s:228:26:228:76":101,"s:229:8:229:Infinity":102,"s:230:8:230:Infinity":103,"s:232:8:232:Infinity":104,"f:238:4:238:17":14,"b:238:26:238:39":30,"b:239:8:239:Infinity:undefined:undefined:undefined:undefined":31,"s:239:8:239:Infinity":105,"s:239:75:239:Infinity":106,"b:240:8:240:Infinity:undefined:undefined:undefined:undefined":32,"s:240:8:240:Infinity":107,"s:240:25:240:Infinity":108,"s:241:8:248:Infinity":109,"f:241:33:241:34":15,"s:242:12:247:Infinity":110,"b:243:16:243:Infinity:undefined:undefined:undefined:undefined":33,"s:243:16:243:Infinity":111,"s:243:51:243:Infinity":112,"s:244:35:244:Infinity":113,"f:254:4:254:17":16,"b:254:26:254:40":34,"b:255:8:255:Infinity:undefined:undefined:undefined:undefined":35,"s:255:8:255:Infinity":114,"s:255:75:255:Infinity":115,"b:256:8:256:Infinity:undefined:undefined:undefined:undefined":36,"s:256:8:256:Infinity":116,"s:256:25:256:Infinity":117,"s:257:8:268:Infinity":118,"f:257:33:257:34":17,"s:258:27:258:39":119,"b:259:12:259:Infinity:undefined:undefined:undefined:undefined":37,"s:259:12:259:Infinity":120,"s:259:40:259:Infinity":121,"b:260:12:260:Infinity:undefined:undefined:undefined:undefined":38,"s:260:12:260:Infinity":122,"s:260:43:260:Infinity":123,"b:261:12:261:Infinity:undefined:undefined:undefined:undefined":39,"s:261:12:261:Infinity":124,"s:261:51:261:Infinity":125,"b:262:12:262:Infinity:undefined:undefined:undefined:undefined":40,"s:262:12:262:Infinity":126,"s:262:55:262:Infinity":127,"s:263:12:267:Infinity":128,"b:264:16:264:Infinity:undefined:undefined:undefined:undefined":41,"s:264:16:264:Infinity":129,"s:264:70:264:Infinity":130,"f:276:9:276:22":18,"s:277:4:277:Infinity":131,"b:277:81:277:86:277:89:277:94":42,"f:284:9:284:23":19,"s:286:16:286:25":132,"b:287:4:291:Infinity:undefined:undefined:undefined:undefined":43,"s:287:4:291:Infinity":133,"s:289:8:289:Infinity":134,"s:290:8:290:Infinity":135,"s:292:4:296:Infinity":136,"b:293:8:295:Infinity:undefined:undefined:undefined:undefined":44,"s:293:8:295:Infinity":137,"b:293:12:293:28:293:32:293:48:293:52:293:68":45,"s:294:12:294:Infinity":138,"s:297:4:297:Infinity":139,"f:307:9:307:20":20,"b:308:4:311:Infinity:undefined:undefined:undefined:undefined":46,"s:308:4:311:Infinity":140,"s:309:19:309:46":141,"s:310:8:310:Infinity":142,"b:310:15:310:18:310:22:310:33":47,"s:312:15:312:42":143,"s:313:4:313:Infinity":144,"b:313:11:313:22:313:26:313:37":48,"f:322:16:322:31":21,"b:322:42:322:56":49,"b:323:4:323:Infinity:undefined:undefined:undefined:undefined":50,"s:323:4:323:Infinity":145,"s:323:58:323:Infinity":146,"b:324:4:324:Infinity:undefined:undefined:undefined:undefined":51,"s:324:4:324:Infinity":147,"s:324:48:324:Infinity":148,"s:325:4:325:Infinity":149,"s:329:0:329:Infinity":150}}}
}
